<?xml version="1.0" encoding="UTF-8"?>
<!-- Generated by org.testng.reporters.JUnitReportReporter -->
<testsuite hostname="LPCAIQ0850" failures="0" tests="2" name="PHP_REGISTER.login_testcase" time="16.346" errors="0" timestamp="08 Sep 2022 11:13:03 GMT" skipped="0">
  <testcase classname="PHP_REGISTER.login_testcase" name="Check_forget_password" time="7.482"/>
  <testcase classname="PHP_REGISTER.login_testcase" name="register_testcase" time="8.864"/>
</testsuite> <!-- PHP_REGISTER.login_testcase -->
