<?xml version="1.0" encoding="UTF-8"?>
<!-- Generated by org.testng.reporters.JUnitReportReporter -->
<testsuite hostname="LPCAIQ0850" failures="0" tests="1" name="testcases.Login_youtube" time="10.725" errors="0" timestamp="25 Sep 2022 10:27:29 GMT" skipped="0">
  <testcase classname="testcases.Login_youtube" name="test_youtube" time="10.725"/>
</testsuite> <!-- testcases.Login_youtube -->
