<?xml version="1.0" encoding="UTF-8"?>
<!-- Generated by org.testng.reporters.JUnitReportReporter -->
<testsuite hostname="LPCAIQ0850" failures="0" tests="1" name="testcases.Loging_FB" time="6.005" errors="0" timestamp="14 Sep 2022 09:22:22 GMT" skipped="0">
  <testcase classname="testcases.Loging_FB" name="Login_FB" time="6.005"/>
</testsuite> <!-- testcases.Loging_FB -->
