<?xml version="1.0" encoding="UTF-8"?>
<!-- Generated by org.testng.reporters.JUnitReportReporter -->
<testsuite hostname="LPCAIQ0850" failures="0" tests="1" name="PHP_REGISTER.Register_testcase" time="5.343" errors="0" timestamp="07 Sep 2022 11:19:23 GMT" skipped="0">
  <testcase classname="PHP_REGISTER.Register_testcase" name="register_testcase" time="5.343"/>
</testsuite> <!-- PHP_REGISTER.Register_testcase -->
