<?xml version="1.0" encoding="UTF-8"?>
<!-- Generated by org.testng.reporters.JUnitReportReporter -->
<testsuite hostname="LPCAIQ0850" failures="0" tests="6" name="PHP_REGISTER.invalid_testcase" time="33.335" errors="0" timestamp="08 Sep 2022 11:13:03 GMT" skipped="0">
  <testcase classname="PHP_REGISTER.invalid_testcase" name="invalid" time="5.740"/>
  <testcase classname="PHP_REGISTER.invalid_testcase" name="invalid" time="5.310"/>
  <testcase classname="PHP_REGISTER.invalid_testcase" name="invalid" time="5.779"/>
  <testcase classname="PHP_REGISTER.invalid_testcase" name="invalid" time="5.721"/>
  <testcase classname="PHP_REGISTER.invalid_testcase" name="invalid" time="4.844"/>
  <testcase classname="PHP_REGISTER.invalid_testcase" name="invalid" time="5.941"/>
</testsuite> <!-- PHP_REGISTER.invalid_testcase -->
