<?xml version="1.0" encoding="UTF-8"?>
<!-- Generated by org.testng.reporters.JUnitReportReporter -->
<testsuite hostname="LPCAIQ0850" failures="0" tests="1" name="testcases.login_testcase2" time="5.210" errors="0" timestamp="14 Sep 2022 09:22:22 GMT" skipped="0">
  <testcase classname="testcases.login_testcase2" name="Check_forget_password" time="5.210"/>
</testsuite> <!-- testcases.login_testcase2 -->
