<?xml version="1.0" encoding="UTF-8"?>
<!-- Generated by org.testng.reporters.JUnitReportReporter -->
<testsuite hostname="LPCAIQ0850" failures="0" tests="1" name="testcases.Login_linkedin" time="15.154" errors="0" timestamp="14 Sep 2022 09:22:22 GMT" skipped="0">
  <testcase classname="testcases.Login_linkedin" name="test_linkedin" time="15.154"/>
</testsuite> <!-- testcases.Login_linkedin -->
