<?xml version="1.0" encoding="UTF-8"?>
<!-- Generated by org.testng.reporters.JUnitReportReporter -->
<testsuite hostname="LPCAIQ0850" failures="0" tests="1" name="testcases.Login_testcase" time="9.320" errors="0" timestamp="25 Sep 2022 10:27:29 GMT" skipped="0">
  <testcase classname="testcases.Login_testcase" name="Login_testcase1" time="9.320"/>
</testsuite> <!-- testcases.Login_testcase -->
